# JRE version: Java(TM) SE Runtime Environment (7.0_45-b18) (build 1.7.0_45-b18)
# Java VM: Java HotSpot(TM) 64-Bit Server VM (24.45-b08 mixed mode windows-amd64 compressed oops)
Heap
 PSYoungGen      total 38400K, used 609K [0x00000000f5500000, 0x00000000f7f80000, 0x0000000100000000)
  eden space 33280K, 1% used [0x00000000f5500000,0x00000000f5598558,0x00000000f7580000)
  from space 5120K, 0% used [0x00000000f7580000,0x00000000f7580000,0x00000000f7a80000)
  to   space 5120K, 0% used [0x00000000f7a80000,0x00000000f7a80000,0x00000000f7f80000)
 ParOldGen       total 87040K, used 5260K [0x00000000e0000000, 0x00000000e5500000, 0x00000000f5500000)
  object space 87040K, 6% used [0x00000000e0000000,0x00000000e0523270,0x00000000e5500000)
 PSPermGen       total 21504K, used 19708K [0x00000000dae00000, 0x00000000dc300000, 0x00000000e0000000)
  object space 21504K, 91% used [0x00000000dae00000,0x00000000dc13f080,0x00000000dc300000)
GC Heap History (10 events):
Event: 34.720 GC heap before
{Heap before GC invocations=997 (full 498):
 PSYoungGen      total 38400K, used 0K [0x00000000f5500000, 0x00000000f7f80000, 0x0000000100000000)
  eden space 33280K, 0% used [0x00000000f5500000,0x00000000f5500000,0x00000000f7580000)
  from space 5120K, 0% used [0x00000000f7580000,0x00000000f7580000,0x00000000f7a80000)
  to   space 5120K, 0% used [0x00000000f7a80000,0x00000000f7a80000,0x00000000f7f80000)
 ParOldGen       total 87040K, used 5261K [0x00000000e0000000, 0x00000000e5500000, 0x00000000f5500000)
  object space 87040K, 6% used [0x00000000e0000000,0x00000000e0523418,0x00000000e5500000)
 PSPermGen       total 21504K, used 19091K [0x00000000dae00000, 0x00000000dc300000, 0x00000000e0000000)
  object space 21504K, 88% used [0x00000000dae00000,0x00000000dc0a4c50,0x00000000dc300000)
Event: 34.758 GC heap after
Heap after GC invocations=997 (full 498):
 PSYoungGen      total 38400K, used 0K [0x00000000f5500000, 0x00000000f7f80000, 0x0000000100000000)
  eden space 33280K, 0% used [0x00000000f5500000,0x00000000f5500000,0x00000000f7580000)
  from space 5120K, 0% used [0x00000000f7580000,0x00000000f7580000,0x00000000f7a80000)
  to   space 5120K, 0% used [0x00000000f7a80000,0x00000000f7a80000,0x00000000f7f80000)
 ParOldGen       total 87040K, used 5261K [0x00000000e0000000, 0x00000000e5500000, 0x00000000f5500000)
  object space 87040K, 6% used [0x00000000e0000000,0x00000000e0523418,0x00000000e5500000)
 PSPermGen       total 21504K, used 19091K [0x00000000dae00000, 0x00000000dc300000, 0x00000000e0000000)
  object space 21504K, 88% used [0x00000000dae00000,0x00000000dc0a4c50,0x00000000dc300000)
}
Event: 34.761 GC heap before
{Heap before GC invocations=998 (full 498):
 PSYoungGen      total 38400K, used 0K [0x00000000f5500000, 0x00000000f7f80000, 0x0000000100000000)
  eden space 33280K, 0% used [0x00000000f5500000,0x00000000f5500000,0x00000000f7580000)
  from space 5120K, 0% used [0x00000000f7580000,0x00000000f7580000,0x00000000f7a80000)
  to   space 5120K, 0% used [0x00000000f7a80000,0x00000000f7a80000,0x00000000f7f80000)
 ParOldGen       total 87040K, used 5261K [0x00000000e0000000, 0x00000000e5500000, 0x00000000f5500000)
  object space 87040K, 6% used [0x00000000e0000000,0x00000000e0523418,0x00000000e5500000)
 PSPermGen       total 21504K, used 19091K [0x00000000dae00000, 0x00000000dc300000, 0x00000000e0000000)
  object space 21504K, 88% used [0x00000000dae00000,0x00000000dc0a4c50,0x00000000dc300000)
Event: 34.762 GC heap after
Heap after GC invocations=998 (full 498):
 PSYoungGen      total 38400K, used 0K [0x00000000f5500000, 0x00000000f7f80000, 0x0000000100000000)
  eden space 33280K, 0% used [0x00000000f5500000,0x00000000f5500000,0x00000000f7580000)
  from space 5120K, 0% used [0x00000000f7a80000,0x00000000f7a80000,0x00000000f7f80000)
  to   space 5120K, 0% used [0x00000000f7580000,0x00000000f7580000,0x00000000f7a80000)
 ParOldGen       total 87040K, used 5261K [0x00000000e0000000, 0x00000000e5500000, 0x00000000f5500000)
  object space 87040K, 6% used [0x00000000e0000000,0x00000000e0523418,0x00000000e5500000)
 PSPermGen       total 21504K, used 19091K [0x00000000dae00000, 0x00000000dc300000, 0x00000000e0000000)
  object space 21504K, 88% used [0x00000000dae00000,0x00000000dc0a4c50,0x00000000dc300000)
}
Event: 34.762 GC heap before
{Heap before GC invocations=999 (full 499):
 PSYoungGen      total 38400K, used 0K [0x00000000f5500000, 0x00000000f7f80000, 0x0000000100000000)
  eden space 33280K, 0% used [0x00000000f5500000,0x00000000f5500000,0x00000000f7580000)
  from space 5120K, 0% used [0x00000000f7a80000,0x00000000f7a80000,0x00000000f7f80000)
  to   space 5120K, 0% used [0x00000000f7580000,0x00000000f7580000,0x00000000f7a80000)
 ParOldGen       total 87040K, used 5261K [0x00000000e0000000, 0x00000000e5500000, 0x00000000f5500000)
  object space 87040K, 6% used [0x00000000e0000000,0x00000000e0523418,0x00000000e5500000)
 PSPermGen       total 21504K, used 19091K [0x00000000dae00000, 0x00000000dc300000, 0x00000000e0000000)
  object space 21504K, 88% used [0x00000000dae00000,0x00000000dc0a4c50,0x00000000dc300000)
Event: 34.800 GC heap after
Heap after GC invocations=999 (full 499):
 PSYoungGen      total 38400K, used 0K [0x00000000f5500000, 0x00000000f7f80000, 0x0000000100000000)
  eden space 33280K, 0% used [0x00000000f5500000,0x00000000f5500000,0x00000000f7580000)
  from space 5120K, 0% used [0x00000000f7a80000,0x00000000f7a80000,0x00000000f7f80000)
  to   space 5120K, 0% used [0x00000000f7580000,0x00000000f7580000,0x00000000f7a80000)
 ParOldGen       total 87040K, used 5260K [0x00000000e0000000, 0x00000000e5500000, 0x00000000f5500000)
  object space 87040K, 6% used [0x00000000e0000000,0x00000000e0523270,0x00000000e5500000)
 PSPermGen       total 21504K, used 19091K [0x00000000dae00000, 0x00000000dc300000, 0x00000000e0000000)
  object space 21504K, 88% used [0x00000000dae00000,0x00000000dc0a4c50,0x00000000dc300000)
}
Event: 34.800 GC heap before
{Heap before GC invocations=1000 (full 499):
 PSYoungGen      total 38400K, used 0K [0x00000000f5500000, 0x00000000f7f80000, 0x0000000100000000)
  eden space 33280K, 0% used [0x00000000f5500000,0x00000000f5500000,0x00000000f7580000)
  from space 5120K, 0% used [0x00000000f7a80000,0x00000000f7a80000,0x00000000f7f80000)
  to   space 5120K, 0% used [0x00000000f7580000,0x00000000f7580000,0x00000000f7a80000)
 ParOldGen       total 87040K, used 5260K [0x00000000e0000000, 0x00000000e5500000, 0x00000000f5500000)
  object space 87040K, 6% used [0x00000000e0000000,0x00000000e0523270,0x00000000e5500000)
 PSPermGen       total 21504K, used 19091K [0x00000000dae00000, 0x00000000dc300000, 0x00000000e0000000)
  object space 21504K, 88% used [0x00000000dae00000,0x00000000dc0a4c50,0x00000000dc300000)
Event: 34.801 GC heap after
Heap after GC invocations=1000 (full 499):
 PSYoungGen      total 38400K, used 0K [0x00000000f5500000, 0x00000000f7f80000, 0x0000000100000000)
  eden space 33280K, 0% used [0x00000000f5500000,0x00000000f5500000,0x00000000f7580000)
  from space 5120K, 0% used [0x00000000f7580000,0x00000000f7580000,0x00000000f7a80000)
  to   space 5120K, 0% used [0x00000000f7a80000,0x00000000f7a80000,0x00000000f7f80000)
 ParOldGen       total 87040K, used 5260K [0x00000000e0000000, 0x00000000e5500000, 0x00000000f5500000)
  object space 87040K, 6% used [0x00000000e0000000,0x00000000e0523270,0x00000000e5500000)
 PSPermGen       total 21504K, used 19091K [0x00000000dae00000, 0x00000000dc300000, 0x00000000e0000000)
  object space 21504K, 88% used [0x00000000dae00000,0x00000000dc0a4c50,0x00000000dc300000)
}
Event: 34.801 GC heap before
{Heap before GC invocations=1001 (full 500):
 PSYoungGen      total 38400K, used 0K [0x00000000f5500000, 0x00000000f7f80000, 0x0000000100000000)
  eden space 33280K, 0% used [0x00000000f5500000,0x00000000f5500000,0x00000000f7580000)
  from space 5120K, 0% used [0x00000000f7580000,0x00000000f7580000,0x00000000f7a80000)
  to   space 5120K, 0% used [0x00000000f7a80000,0x00000000f7a80000,0x00000000f7f80000)
 ParOldGen       total 87040K, used 5260K [0x00000000e0000000, 0x00000000e5500000, 0x00000000f5500000)
  object space 87040K, 6% used [0x00000000e0000000,0x00000000e0523270,0x00000000e5500000)
 PSPermGen       total 21504K, used 19091K [0x00000000dae00000, 0x00000000dc300000, 0x00000000e0000000)
  object space 21504K, 88% used [0x00000000dae00000,0x00000000dc0a4c50,0x00000000dc300000)
Event: 34.839 GC heap after
Heap after GC invocations=1001 (full 500):
 PSYoungGen      total 38400K, used 0K [0x00000000f5500000, 0x00000000f7f80000, 0x0000000100000000)
  eden space 33280K, 0% used [0x00000000f5500000,0x00000000f5500000,0x00000000f7580000)
  from space 5120K, 0% used [0x00000000f7580000,0x00000000f7580000,0x00000000f7a80000)
  to   space 5120K, 0% used [0x00000000f7a80000,0x00000000f7a80000,0x00000000f7f80000)
 ParOldGen       total 87040K, used 5260K [0x00000000e0000000, 0x00000000e5500000, 0x00000000f5500000)
  object space 87040K, 6% used [0x00000000e0000000,0x00000000e0523270,0x00000000e5500000)
 PSPermGen       total 21504K, used 19091K [0x00000000dae00000, 0x00000000dc300000, 0x00000000e0000000)
  object space 21504K, 88% used [0x00000000dae00000,0x00000000dc0a4c50,0x00000000dc300000)
}

